<?xml version="1.0" encoding="UTF-8"?>
<!-- Generated by org.testng.reporters.JUnitReportReporter -->
<testsuite hostname="DESKTOP-MA77AKD" failures="0" tests="1" name="Test_script" time="4.912" errors="0" timestamp="2022-03-08T21:11:51 GMT" skipped="0">
  <testcase classname="Test_script" name="se" time="4.912"/>
  <system-out/>
</testsuite> <!-- Test_script -->
